12-10 10:40:40 - dataId=boss-base-dev ,group=boss ,content=#jdbc
jdbc.driver=com.mysql.jdbc.Driver
jdbc.url=jdbc:mysql://192.168.1.70:3306/zealot_boss?useUnicode=true&characterEncoding=UTF-8
jdbc.username=root
jdbc.password=123456
pool.initialPoolSize=10
pool.minPoolSize=10
pool.maxPoolSize=50
pool.maxIdleTime=7200
pool.acquireIncrement=5
pool.checkoutTimeout=10000
pool.maxIdleTimeExcessConnections=10

hibernate.dialect=org.hibernate.dialect.MySQLDialect
hibernate.hbm2ddl.auto=update
hibernate.show_sql=true
hibernate.format_sql=true
hibernate.query.substitutions=true 1, false 0
hibernate.default_batch_fetch_size=16
hibernate.max_fetch_depth=2
hibernate.bytecode.use_reflection_optimizer=true
hibernate.cache.use_second_level_cache=true
hibernate.cache.use_query_cache=true
hibernate.cache.use_structured_entries=true
hibernate.generate_statistics=true

#mail
mail.host=smtp.9zhitx.com
mail.smtp.auth=true
mail.smtp.timeout=25000
mail.username=zhaohaiming@9zhitx.com
mail.password=q12345

#cas
casServer=http://192.168.1.70:8686/cas
serverName=http://192.168.1.70


12-10 11:27:22 - dataId=boss-base-dev ,group=boss ,content=#jdbc
jdbc.driver=com.mysql.jdbc.Driver
jdbc.url=jdbc:mysql://192.168.1.70:3306/zealot_boss?useUnicode=true&characterEncoding=UTF-8
jdbc.username=root
jdbc.password=123456
pool.initialPoolSize=10
pool.minPoolSize=10
pool.maxPoolSize=50
pool.maxIdleTime=7200
pool.acquireIncrement=5
pool.checkoutTimeout=10000
pool.maxIdleTimeExcessConnections=10

hibernate.dialect=org.hibernate.dialect.MySQLDialect
hibernate.hbm2ddl.auto=update
hibernate.show_sql=true
hibernate.format_sql=true
hibernate.query.substitutions=true 1, false 0
hibernate.default_batch_fetch_size=16
hibernate.max_fetch_depth=2
hibernate.bytecode.use_reflection_optimizer=true
hibernate.cache.use_second_level_cache=true
hibernate.cache.use_query_cache=true
hibernate.cache.use_structured_entries=true
hibernate.generate_statistics=true

#mail
mail.host=smtp.9zhitx.com
mail.smtp.auth=true
mail.smtp.timeout=25000
mail.username=zhaohaiming@9zhitx.com
mail.password=q12345

#cas
casServer=http://192.168.1.70:8686/cas
serverName=http://192.168.1.70


12-10 17:23:09 - dataId=boss-base-dev ,group=boss ,content=#jdbc
jdbc.driver=com.mysql.jdbc.Driver
jdbc.url=jdbc:mysql://192.168.1.70:3306/zealot_boss?useUnicode=true&characterEncoding=UTF-8
jdbc.username=root
jdbc.password=123456
pool.initialPoolSize=10
pool.minPoolSize=10
pool.maxPoolSize=50
pool.maxIdleTime=7200
pool.acquireIncrement=5
pool.checkoutTimeout=10000
pool.maxIdleTimeExcessConnections=10

hibernate.dialect=org.hibernate.dialect.MySQLDialect
hibernate.hbm2ddl.auto=update
hibernate.show_sql=true
hibernate.format_sql=true
hibernate.query.substitutions=true 1, false 0
hibernate.default_batch_fetch_size=16
hibernate.max_fetch_depth=2
hibernate.bytecode.use_reflection_optimizer=true
hibernate.cache.use_second_level_cache=true
hibernate.cache.use_query_cache=true
hibernate.cache.use_structured_entries=true
hibernate.generate_statistics=true

#mail
mail.host=smtp.9zhitx.com
mail.smtp.auth=true
mail.smtp.timeout=25000
mail.username=zhaohaiming@9zhitx.com
mail.password=q12345

#cas
casServer=http://192.168.1.70:8686/cas
serverName=http://192.168.1.70


12-10 19:48:40 - dataId=boss-base-dev ,group=boss ,content=#jdbc
jdbc.driver=com.mysql.jdbc.Driver
jdbc.url=jdbc:mysql://192.168.1.70:3306/zealot_boss?useUnicode=true&characterEncoding=UTF-8
jdbc.username=root
jdbc.password=123456
pool.initialPoolSize=10
pool.minPoolSize=10
pool.maxPoolSize=50
pool.maxIdleTime=7200
pool.acquireIncrement=5
pool.checkoutTimeout=10000
pool.maxIdleTimeExcessConnections=10

hibernate.dialect=org.hibernate.dialect.MySQLDialect
hibernate.hbm2ddl.auto=update
hibernate.show_sql=true
hibernate.format_sql=true
hibernate.query.substitutions=true 1, false 0
hibernate.default_batch_fetch_size=16
hibernate.max_fetch_depth=2
hibernate.bytecode.use_reflection_optimizer=true
hibernate.cache.use_second_level_cache=true
hibernate.cache.use_query_cache=true
hibernate.cache.use_structured_entries=true
hibernate.generate_statistics=true

#mail
mail.host=smtp.9zhitx.com
mail.smtp.auth=true
mail.smtp.timeout=25000
mail.username=zhaohaiming@9zhitx.com
mail.password=q12345

#cas
casServer=http://192.168.1.70:8686/cas
serverName=http://192.168.1.177:8564


